<?xml version="1.0" encoding="UTF-8"?>
<testng-results skipped="0" failed="0" ignored="0" total="1" passed="1">
  <reporter-output>
  </reporter-output>
  <suite name="Suite" duration-ms="9618" started-at="2023-04-20T05:48:25 IST" finished-at="2023-04-20T05:48:34 IST">
    <groups>
    </groups>
    <test name="Test" duration-ms="9618" started-at="2023-04-20T05:48:25 IST" finished-at="2023-04-20T05:48:34 IST">
      <class name="sample.testing.MavenDemo">
        <test-method status="PASS" signature="setUp()[pri:0, instance:sample.testing.MavenDemo@3e6fa38a]" name="setUp" duration-ms="9528" started-at="2023-04-20T05:48:25 IST" finished-at="2023-04-20T05:48:34 IST">
          <reporter-output>
          </reporter-output>
        </test-method> <!-- setUp -->
      </class> <!-- sample.testing.MavenDemo -->
    </test> <!-- Test -->
  </suite> <!-- Suite -->
</testng-results>
